# JRE version: Java(TM) SE Runtime Environment (17.0.1+12) (build 17.0.1+12-LTS-39)
# Java VM: Java HotSpot(TM) 64-Bit Server VM (17.0.1+12-LTS-39, mixed mode, sharing, tiered, compressed oops, compressed class ptrs, g1 gc, windows-amd64)
GC Precious Log:
 CPUs: 8 total, 8 available
 Memory: 7957M
 Large Page Support: Disabled
 NUMA Support: Disabled
 Compressed Oops: Enabled (32-bit)
 Heap Region Size: 1M
 Heap Min Capacity: 8M
 Heap Initial Capacity: 126M
 Heap Max Capacity: 1990M
 Pre-touch: Disabled
 Parallel Workers: 8
 Concurrent Workers: 2
 Concurrent Refinement Workers: 8
 Periodic GC: Disabled
Heap:
 garbage-first heap   total 166912K, used 77397K [0x0000000083a00000, 0x0000000100000000)
  region size 1024K, 4 young (4096K), 4 survivors (4096K)
 Metaspace       used 12009K, committed 12288K, reserved 1064960K
  class space    used 1286K, committed 1408K, reserved 1048576K
GC Heap History (20 events):
Event: 51.118 GC heap after
{Heap after GC invocations=14 (full 0):
 garbage-first heap   total 166912K, used 65749K [0x0000000083a00000, 0x0000000100000000)
  region size 1024K, 4 young (4096K), 4 survivors (4096K)
 Metaspace       used 11867K, committed 12096K, reserved 1064960K
  class space    used 1286K, committed 1408K, reserved 1048576K
}
Event: 59.569 GC heap before
{Heap before GC invocations=14 (full 0):
 garbage-first heap   total 166912K, used 142549K [0x0000000083a00000, 0x0000000100000000)
  region size 1024K, 79 young (80896K), 4 survivors (4096K)
 Metaspace       used 11936K, committed 12160K, reserved 1064960K
  class space    used 1286K, committed 1408K, reserved 1048576K
}
Event: 59.572 GC heap after
{Heap after GC invocations=15 (full 0):
 garbage-first heap   total 166912K, used 67245K [0x0000000083a00000, 0x0000000100000000)
  region size 1024K, 6 young (6144K), 6 survivors (6144K)
 Metaspace       used 11936K, committed 12160K, reserved 1064960K
  class space    used 1286K, committed 1408K, reserved 1048576K
}
Event: 67.772 GC heap before
{Heap before GC invocations=15 (full 0):
 garbage-first heap   total 166912K, used 141997K [0x0000000083a00000, 0x0000000100000000)
  region size 1024K, 79 young (80896K), 6 survivors (6144K)
 Metaspace       used 11987K, committed 12224K, reserved 1064960K
  class space    used 1286K, committed 1408K, reserved 1048576K
}
Event: 67.775 GC heap after
{Heap after GC invocations=16 (full 0):
 garbage-first heap   total 166912K, used 68675K [0x0000000083a00000, 0x0000000100000000)
  region size 1024K, 7 young (7168K), 7 survivors (7168K)
 Metaspace       used 11987K, committed 12224K, reserved 1064960K
  class space    used 1286K, committed 1408K, reserved 1048576K
}
Event: 74.886 GC heap before
{Heap before GC invocations=16 (full 0):
 garbage-first heap   total 166912K, used 141379K [0x0000000083a00000, 0x0000000100000000)
  region size 1024K, 78 young (79872K), 7 survivors (7168K)
 Metaspace       used 11995K, committed 12224K, reserved 1064960K
  class space    used 1286K, committed 1408K, reserved 1048576K
}
Event: 74.889 GC heap after
{Heap after GC invocations=17 (full 0):
 garbage-first heap   total 166912K, used 70222K [0x0000000083a00000, 0x0000000100000000)
  region size 1024K, 7 young (7168K), 7 survivors (7168K)
 Metaspace       used 11995K, committed 12224K, reserved 1064960K
  class space    used 1286K, committed 1408K, reserved 1048576K
}
Event: 80.606 GC heap before
{Heap before GC invocations=17 (full 0):
 garbage-first heap   total 166912K, used 126542K [0x0000000083a00000, 0x0000000100000000)
  region size 1024K, 54 young (55296K), 7 survivors (7168K)
 Metaspace       used 12006K, committed 12224K, reserved 1064960K
  class space    used 1286K, committed 1408K, reserved 1048576K
}
Event: 80.609 GC heap after
{Heap after GC invocations=18 (full 0):
 garbage-first heap   total 166912K, used 80394K [0x0000000083a00000, 0x0000000100000000)
  region size 1024K, 7 young (7168K), 7 survivors (7168K)
 Metaspace       used 12006K, committed 12224K, reserved 1064960K
  class space    used 1286K, committed 1408K, reserved 1048576K
}
Event: 80.609 GC heap before
{Heap before GC invocations=18 (full 0):
 garbage-first heap   total 166912K, used 83466K [0x0000000083a00000, 0x0000000100000000)
  region size 1024K, 8 young (8192K), 7 survivors (7168K)
 Metaspace       used 12006K, committed 12224K, reserved 1064960K
  class space    used 1286K, committed 1408K, reserved 1048576K
}
Event: 80.612 GC heap after
{Heap after GC invocations=19 (full 0):
 garbage-first heap   total 166912K, used 74333K [0x0000000083a00000, 0x0000000100000000)
  region size 1024K, 4 young (4096K), 4 survivors (4096K)
 Metaspace       used 12006K, committed 12224K, reserved 1064960K
  class space    used 1286K, committed 1408K, reserved 1048576K
}
Event: 80.938 GC heap before
{Heap before GC invocations=19 (full 0):
 garbage-first heap   total 166912K, used 78429K [0x0000000083a00000, 0x0000000100000000)
  region size 1024K, 6 young (6144K), 4 survivors (4096K)
 Metaspace       used 12006K, committed 12224K, reserved 1064960K
  class space    used 1286K, committed 1408K, reserved 1048576K
}
Event: 80.940 GC heap after
{Heap after GC invocations=20 (full 0):
 garbage-first heap   total 166912K, used 77222K [0x0000000083a00000, 0x0000000100000000)
  region size 1024K, 4 young (4096K), 4 survivors (4096K)
 Metaspace       used 12006K, committed 12224K, reserved 1064960K
  class space    used 1286K, committed 1408K, reserved 1048576K
}
Event: 80.940 GC heap before
{Heap before GC invocations=20 (full 0):
 garbage-first heap   total 166912K, used 80294K [0x0000000083a00000, 0x0000000100000000)
  region size 1024K, 5 young (5120K), 4 survivors (4096K)
 Metaspace       used 12006K, committed 12224K, reserved 1064960K
  class space    used 1286K, committed 1408K, reserved 1048576K
}
Event: 80.942 GC heap after
{Heap after GC invocations=21 (full 0):
 garbage-first heap   total 166912K, used 74427K [0x0000000083a00000, 0x0000000100000000)
  region size 1024K, 5 young (5120K), 5 survivors (5120K)
 Metaspace       used 12006K, committed 12224K, reserved 1064960K
  class space    used 1286K, committed 1408K, reserved 1048576K
}
Event: 81.006 GC heap before
{Heap before GC invocations=21 (full 0):
 garbage-first heap   total 166912K, used 78523K [0x0000000083a00000, 0x0000000100000000)
  region size 1024K, 7 young (7168K), 5 survivors (5120K)
 Metaspace       used 12006K, committed 12224K, reserved 1064960K
  class space    used 1286K, committed 1408K, reserved 1048576K
}
Event: 81.007 GC heap after
{Heap after GC invocations=22 (full 0):
 garbage-first heap   total 166912K, used 77305K [0x0000000083a00000, 0x0000000100000000)
  region size 1024K, 4 young (4096K), 4 survivors (4096K)
 Metaspace       used 12006K, committed 12224K, reserved 1064960K
  class space    used 1286K, committed 1408K, reserved 1048576K
}
Event: 81.008 GC heap before
{Heap before GC invocations=22 (full 0):
 garbage-first heap   total 166912K, used 80377K [0x0000000083a00000, 0x0000000100000000)
  region size 1024K, 5 young (5120K), 4 survivors (4096K)
 Metaspace       used 12006K, committed 12224K, reserved 1064960K
  class space    used 1286K, committed 1408K, reserved 1048576K
}
Event: 81.010 GC heap after
{Heap after GC invocations=23 (full 0):
 garbage-first heap   total 166912K, used 74325K [0x0000000083a00000, 0x0000000100000000)
  region size 1024K, 4 young (4096K), 4 survivors (4096K)
 Metaspace       used 12006K, committed 12224K, reserved 1064960K
  class space    used 1286K, committed 1408K, reserved 1048576K
}
Event: 81.242 GC heap before
{Heap before GC invocations=23 (full 0):
 garbage-first heap   total 166912K, used 78421K [0x0000000083a00000, 0x0000000100000000)
  region size 1024K, 6 young (6144K), 4 survivors (4096K)
 Metaspace       used 12009K, committed 12288K, reserved 1064960K
  class space    used 1286K, committed 1408K, reserved 1048576K
}

