# JRE version: Java(TM) SE Runtime Environment (17.0.1+12) (build 17.0.1+12-LTS-39)
# Java VM: Java HotSpot(TM) 64-Bit Server VM (17.0.1+12-LTS-39, mixed mode, sharing, tiered, compressed oops, compressed class ptrs, g1 gc, windows-amd64)
GC Precious Log:
 CPUs: 8 total, 8 available
 Memory: 7957M
 Large Page Support: Disabled
 NUMA Support: Disabled
 Compressed Oops: Enabled (32-bit)
 Heap Region Size: 1M
 Heap Min Capacity: 8M
 Heap Initial Capacity: 126M
 Heap Max Capacity: 1990M
 Pre-touch: Disabled
 Parallel Workers: 8
 Concurrent Workers: 2
 Concurrent Refinement Workers: 8
 Periodic GC: Disabled
Heap:
 garbage-first heap   total 129024K, used 81788K [0x0000000083a00000, 0x0000000100000000)
  region size 1024K, 24 young (24576K), 1 survivors (1024K)
 Metaspace       used 11870K, committed 12096K, reserved 1064960K
  class space    used 1293K, committed 1408K, reserved 1048576K
GC Heap History (6 events):
Event: 11.118 GC heap before
{Heap before GC invocations=0 (full 0):
 garbage-first heap   total 129024K, used 49152K [0x0000000083a00000, 0x0000000100000000)
  region size 1024K, 23 young (23552K), 0 survivors (0K)
 Metaspace       used 10641K, committed 10880K, reserved 1064960K
  class space    used 1220K, committed 1344K, reserved 1048576K
}
Event: 11.122 GC heap after
{Heap after GC invocations=1 (full 0):
 garbage-first heap   total 129024K, used 30805K [0x0000000083a00000, 0x0000000100000000)
  region size 1024K, 3 young (3072K), 3 survivors (3072K)
 Metaspace       used 10641K, committed 10880K, reserved 1064960K
  class space    used 1220K, committed 1344K, reserved 1048576K
}
Event: 11.213 GC heap before
{Heap before GC invocations=1 (full 0):
 garbage-first heap   total 129024K, used 63573K [0x0000000083a00000, 0x0000000100000000)
  region size 1024K, 32 young (32768K), 3 survivors (3072K)
 Metaspace       used 10700K, committed 10944K, reserved 1064960K
  class space    used 1224K, committed 1344K, reserved 1048576K
}
Event: 11.216 GC heap after
{Heap after GC invocations=2 (full 0):
 garbage-first heap   total 129024K, used 34583K [0x0000000083a00000, 0x0000000100000000)
  region size 1024K, 1 young (1024K), 1 survivors (1024K)
 Metaspace       used 10700K, committed 10944K, reserved 1064960K
  class space    used 1224K, committed 1344K, reserved 1048576K
}
Event: 11.350 GC heap before
{Heap before GC invocations=2 (full 0):
 garbage-first heap   total 129024K, used 82711K [0x0000000083a00000, 0x0000000100000000)
  region size 1024K, 30 young (30720K), 1 survivors (1024K)
 Metaspace       used 10751K, committed 11008K, reserved 1064960K
  class space    used 1226K, committed 1344K, reserved 1048576K
}
Event: 11.351 GC heap after
{Heap after GC invocations=3 (full 0):
 garbage-first heap   total 129024K, used 54140K [0x0000000083a00000, 0x0000000100000000)
  region size 1024K, 1 young (1024K), 1 survivors (1024K)
 Metaspace       used 10751K, committed 11008K, reserved 1064960K
  class space    used 1226K, committed 1344K, reserved 1048576K
}

