# JRE version: Java(TM) SE Runtime Environment (17.0.1+12) (build 17.0.1+12-LTS-39)
# Java VM: Java HotSpot(TM) 64-Bit Server VM (17.0.1+12-LTS-39, mixed mode, sharing, tiered, compressed oops, compressed class ptrs, g1 gc, windows-amd64)
GC Precious Log:
 CPUs: 8 total, 8 available
 Memory: 7957M
 Large Page Support: Disabled
 NUMA Support: Disabled
 Compressed Oops: Enabled (32-bit)
 Heap Region Size: 1M
 Heap Min Capacity: 8M
 Heap Initial Capacity: 126M
 Heap Max Capacity: 1990M
 Pre-touch: Disabled
 Parallel Workers: 8
 Concurrent Workers: 2
 Concurrent Refinement Workers: 8
 Periodic GC: Disabled
Heap:
 garbage-first heap   total 187392K, used 82161K [0x0000000083a00000, 0x0000000100000000)
  region size 1024K, 1 young (1024K), 1 survivors (1024K)
 Metaspace       used 11688K, committed 11904K, reserved 1064960K
  class space    used 1291K, committed 1408K, reserved 1048576K
GC Heap History (20 events):
Event: 21.150 GC heap after
{Heap after GC invocations=7 (full 0):
 garbage-first heap   total 129024K, used 87765K [0x0000000083a00000, 0x0000000100000000)
  region size 1024K, 1 young (1024K), 1 survivors (1024K)
 Metaspace       used 11621K, committed 11840K, reserved 1064960K
  class space    used 1290K, committed 1408K, reserved 1048576K
}
Event: 21.395 GC heap before
{Heap before GC invocations=7 (full 0):
 garbage-first heap   total 129024K, used 87765K [0x0000000083a00000, 0x0000000100000000)
  region size 1024K, 2 young (2048K), 1 survivors (1024K)
 Metaspace       used 11622K, committed 11840K, reserved 1064960K
  class space    used 1290K, committed 1408K, reserved 1048576K
}
Event: 21.397 GC heap after
{Heap after GC invocations=8 (full 0):
 garbage-first heap   total 129024K, used 75493K [0x0000000083a00000, 0x0000000100000000)
  region size 1024K, 1 young (1024K), 1 survivors (1024K)
 Metaspace       used 11622K, committed 11840K, reserved 1064960K
  class space    used 1290K, committed 1408K, reserved 1048576K
}
Event: 31.650 GC heap before
{Heap before GC invocations=9 (full 0):
 garbage-first heap   total 140288K, used 133861K [0x0000000083a00000, 0x0000000100000000)
  region size 1024K, 20 young (20480K), 1 survivors (1024K)
 Metaspace       used 11684K, committed 11904K, reserved 1064960K
  class space    used 1291K, committed 1408K, reserved 1048576K
}
Event: 31.652 GC heap after
{Heap after GC invocations=10 (full 0):
 garbage-first heap   total 140288K, used 115884K [0x0000000083a00000, 0x0000000100000000)
  region size 1024K, 1 young (1024K), 1 survivors (1024K)
 Metaspace       used 11684K, committed 11904K, reserved 1064960K
  class space    used 1291K, committed 1408K, reserved 1048576K
}
Event: 33.200 GC heap before
{Heap before GC invocations=10 (full 0):
 garbage-first heap   total 140288K, used 134316K [0x0000000083a00000, 0x0000000100000000)
  region size 1024K, 5 young (5120K), 1 survivors (1024K)
 Metaspace       used 11686K, committed 11904K, reserved 1064960K
  class space    used 1291K, committed 1408K, reserved 1048576K
}
Event: 33.201 GC heap after
{Heap after GC invocations=11 (full 0):
 garbage-first heap   total 140288K, used 91309K [0x0000000083a00000, 0x0000000100000000)
  region size 1024K, 1 young (1024K), 1 survivors (1024K)
 Metaspace       used 11686K, committed 11904K, reserved 1064960K
  class space    used 1291K, committed 1408K, reserved 1048576K
}
Event: 33.202 GC heap before
{Heap before GC invocations=11 (full 0):
 garbage-first heap   total 140288K, used 94381K [0x0000000083a00000, 0x0000000100000000)
  region size 1024K, 2 young (2048K), 1 survivors (1024K)
 Metaspace       used 11686K, committed 11904K, reserved 1064960K
  class space    used 1291K, committed 1408K, reserved 1048576K
}
Event: 33.203 GC heap after
{Heap after GC invocations=12 (full 0):
 garbage-first heap   total 140288K, used 79009K [0x0000000083a00000, 0x0000000100000000)
  region size 1024K, 1 young (1024K), 1 survivors (1024K)
 Metaspace       used 11686K, committed 11904K, reserved 1064960K
  class space    used 1291K, committed 1408K, reserved 1048576K
}
Event: 33.225 GC heap before
{Heap before GC invocations=13 (full 0):
 garbage-first heap   total 140288K, used 82081K [0x0000000083a00000, 0x0000000100000000)
  region size 1024K, 2 young (2048K), 1 survivors (1024K)
 Metaspace       used 11686K, committed 11904K, reserved 1064960K
  class space    used 1291K, committed 1408K, reserved 1048576K
}
Event: 33.226 GC heap after
{Heap after GC invocations=14 (full 0):
 garbage-first heap   total 187392K, used 82093K [0x0000000083a00000, 0x0000000100000000)
  region size 1024K, 1 young (1024K), 1 survivors (1024K)
 Metaspace       used 11686K, committed 11904K, reserved 1064960K
  class space    used 1291K, committed 1408K, reserved 1048576K
}
Event: 33.909 GC heap before
{Heap before GC invocations=14 (full 0):
 garbage-first heap   total 187392K, used 89261K [0x0000000083a00000, 0x0000000100000000)
  region size 1024K, 3 young (3072K), 1 survivors (1024K)
 Metaspace       used 11688K, committed 11904K, reserved 1064960K
  class space    used 1291K, committed 1408K, reserved 1048576K
}
Event: 33.910 GC heap after
{Heap after GC invocations=15 (full 0):
 garbage-first heap   total 187392K, used 82127K [0x0000000083a00000, 0x0000000100000000)
  region size 1024K, 1 young (1024K), 1 survivors (1024K)
 Metaspace       used 11688K, committed 11904K, reserved 1064960K
  class space    used 1291K, committed 1408K, reserved 1048576K
}
Event: 33.911 GC heap before
{Heap before GC invocations=15 (full 0):
 garbage-first heap   total 187392K, used 85199K [0x0000000083a00000, 0x0000000100000000)
  region size 1024K, 2 young (2048K), 1 survivors (1024K)
 Metaspace       used 11688K, committed 11904K, reserved 1064960K
  class space    used 1291K, committed 1408K, reserved 1048576K
}
Event: 33.912 GC heap after
{Heap after GC invocations=16 (full 0):
 garbage-first heap   total 187392K, used 79051K [0x0000000083a00000, 0x0000000100000000)
  region size 1024K, 1 young (1024K), 1 survivors (1024K)
 Metaspace       used 11688K, committed 11904K, reserved 1064960K
  class space    used 1291K, committed 1408K, reserved 1048576K
}
Event: 33.929 GC heap before
{Heap before GC invocations=16 (full 0):
 garbage-first heap   total 187392K, used 82123K [0x0000000083a00000, 0x0000000100000000)
  region size 1024K, 2 young (2048K), 1 survivors (1024K)
 Metaspace       used 11688K, committed 11904K, reserved 1064960K
  class space    used 1291K, committed 1408K, reserved 1048576K
}
Event: 33.930 GC heap after
{Heap after GC invocations=17 (full 0):
 garbage-first heap   total 187392K, used 82115K [0x0000000083a00000, 0x0000000100000000)
  region size 1024K, 1 young (1024K), 1 survivors (1024K)
 Metaspace       used 11688K, committed 11904K, reserved 1064960K
  class space    used 1291K, committed 1408K, reserved 1048576K
}
Event: 33.931 GC heap before
{Heap before GC invocations=17 (full 0):
 garbage-first heap   total 187392K, used 85187K [0x0000000083a00000, 0x0000000100000000)
  region size 1024K, 2 young (2048K), 1 survivors (1024K)
 Metaspace       used 11688K, committed 11904K, reserved 1064960K
  class space    used 1291K, committed 1408K, reserved 1048576K
}
Event: 33.932 GC heap after
{Heap after GC invocations=18 (full 0):
 garbage-first heap   total 187392K, used 79073K [0x0000000083a00000, 0x0000000100000000)
  region size 1024K, 1 young (1024K), 1 survivors (1024K)
 Metaspace       used 11688K, committed 11904K, reserved 1064960K
  class space    used 1291K, committed 1408K, reserved 1048576K
}
Event: 34.710 GC heap before
{Heap before GC invocations=18 (full 0):
 garbage-first heap   total 187392K, used 83169K [0x0000000083a00000, 0x0000000100000000)
  region size 1024K, 3 young (3072K), 1 survivors (1024K)
 Metaspace       used 11688K, committed 11904K, reserved 1064960K
  class space    used 1291K, committed 1408K, reserved 1048576K
}

